#
# A fatal error has been detected by the Java Runtime Environment:
#
#  EXCEPTION_ACCESS_VIOLATION (0xc0000005) at pc=0x00007ffb9c34acf8, pid=9060, tid=716
#
# JRE version: OpenJDK Runtime Environment Temurin-17.0.5+8 (17.0.5+8) (build 17.0.5+8)
# Java VM: OpenJDK 64-Bit Server VM Temurin-17.0.5+8 (17.0.5+8, mixed mode, emulated-client, tiered, compressed oops, compressed class ptrs, g1 gc, windows-amd64)
# Problematic frame:
# V  [jvm.dll+0x30acf8]
#
# No core dump will be written. Minidumps are not enabled by default on client versions of Windows
#
# If you would like to submit a bug report, please visit:
#   https://github.com/adoptium/adoptium-support/issues
#

---------------  S U M M A R Y ------------

Command Line: -Dsts.lsp.client=vscode -Dsts.log.file=/dev/null -XX:TieredStopAtLevel=1 -Xlog:jni+resolve=off -Dspring.config.location=file:c:\Users\Administrator\.vscode\extensions\pivotal.vscode-spring-boot-1.43.0\language-server\BOOT-INF\classes\application.properties org.springframework.ide.vscode.boot.app.BootLanguageServerBootApp

Host: Intel(R) Core(TM) i7-8700 CPU @ 3.20GHz, 12 cores, 15G,  Windows 10 , 64 bit Build 19041 (10.0.19041.2364)
Time: Fri Jan  6 16:51:53 2023  Windows 10 , 64 bit Build 19041 (10.0.19041.2364) elapsed time: 8838.079635 seconds (0d 2h 27m 18s)

---------------  T H R E A D  ---------------

Current thread (0x000001f3590ae090):  GCTaskThread "GC Thread#1" [stack: 0x000000cd97000000,0x000000cd97100000] [id=716]

Stack: [0x000000cd97000000,0x000000cd97100000],  sp=0x000000cd970ff9e0,  free space=1022k
Native frames: (J=compiled Java code, j=interpreted, Vv=VM code, C=native code)
V  [jvm.dll+0x30acf8]
V  [jvm.dll+0x2f14c4]
V  [jvm.dll+0x2f4c2e]
V  [jvm.dll+0x2f5a99]
V  [jvm.dll+0x2f524d]
V  [jvm.dll+0x2f4aed]
V  [jvm.dll+0x85e31b]
V  [jvm.dll+0x85e366]
V  [jvm.dll+0x7e17ea]
V  [jvm.dll+0x6759e5]
C  [ucrtbase.dll+0x21bb2]
C  [KERNEL32.DLL+0x17614]
C  [ntdll.dll+0x526a1]


siginfo: EXCEPTION_ACCESS_VIOLATION (0xc0000005), reading address 0x000000082c6e616d


Register to memory mapping:

RIP=0x00007ffb9c34acf8 jvm.dll
RAX=0x0000000000000001 is an unknown value
RBX=0x000001f368a04e18 points into unknown readable memory: 0x000001f359de9220 | 20 92 de 59 f3 01 00 00
RCX=0x0 is NULL
RDX=0x000000071328f3d8 is pointing into object: [B 
{0x000000071328f398} - klass: {type array byte}
 - length: 74
RSP=0x000000cd970ff9e0 points into unknown readable memory: 0x000001f35c9ec540 | 40 c5 9e 5c f3 01 00 00
RBP=0x000001f368a04d80 points into unknown readable memory: 0x00007ffb9c9926d8 | d8 26 99 9c fb 7f 00 00
RSI=0x000001f368a047d0 points into unknown readable memory: 0x000000cd963ff0f0 | f0 f0 3f 96 cd 00 00 00
RDI=0x000000000000008f is an unknown value
R8 =0x000000082c6e6165 is an unknown value
R9 =0x0000000000000001 is an unknown value
R10=0x0 is NULL
R11=0x0000000800000000 is pointing into metadata
R12=0x0 is NULL
R13=0x00007ffb9c040000 jvm.dll
R14=0x0000000713290348 is an oop: [C 
{0x0000000713290348} - klass: {type array char}
 - length: 21
R15=0x000000000000000c is an unknown value


Registers:
RAX=0x0000000000000001, RBX=0x000001f368a04e18, RCX=0x0000000000000000, RDX=0x000000071328f3d8
RSP=0x000000cd970ff9e0, RBP=0x000001f368a04d80, RSI=0x000001f368a047d0, RDI=0x000000000000008f
R8 =0x000000082c6e6165, R9 =0x0000000000000001, R10=0x0000000000000000, R11=0x0000000800000000
R12=0x0000000000000000, R13=0x00007ffb9c040000, R14=0x0000000713290348, R15=0x000000000000000c
RIP=0x00007ffb9c34acf8, EFLAGS=0x0000000000010206

Top of Stack: (sp=0x000000cd970ff9e0)
0x000000cd970ff9e0:   000001f35c9ec540 00007ffb9c33132e
0x000000cd970ff9f0:   0000000713292e18 00007ffb9c3314c4
0x000000cd970ffa00:   000000071328f3d8 00007ffb9c3314c4
0x000000cd970ffa10:   000001f358fa7e98 00007ffb9c330372
0x000000cd970ffa20:   0000000710ab32a8 0000006000000001
0x000000cd970ffa30:   000000071328f3d8 6c6f6f623d6e7275
0x000000cd970ffa40:   0000000713290324 00007ffb9c334c2e
0x000000cd970ffa50:   000000071328f3d8 000001f368a047d0
0x000000cd970ffa60:   000000000000000c 0000000000000010
0x000000cd970ffa70:   00000007132902e0 0000000000000016
0x000000cd970ffa80:   000001f368a047d0 00007ffb9c335a99
0x000000cd970ffa90:   0000000000000000 0000000000000000
0x000000cd970ffaa0:   00007ffb9c040000 00007ffb9c3314c4
0x000000cd970ffab0:   000001f345463a50 0000000000000000
0x000000cd970ffac0:   00000007132902e0 0000000000000000
0x000000cd970ffad0:   0000000000000000 0000000000000000 

Instructions: (pc=0x00007ffb9c34acf8)
0x00007ffb9c34abf8:   cc cc cc cc cc cc cc cc 48 89 5c 24 08 57 48 83
0x00007ffb9c34ac08:   ec 30 33 c0 48 89 11 41 8d 50 ff 48 89 41 08 48
0x00007ffb9c34ac18:   89 51 28 48 8b d9 44 89 41 10 41 8b f8 48 89 41
0x00007ffb9c34ac28:   18 48 89 41 20 41 8b c8 e8 4b fd cf ff 84 c0 75
0x00007ffb9c34ac38:   2b 4c 8d 0d d0 b1 64 00 89 7c 24 20 4c 8d 05 fd
0x00007ffb9c34ac48:   b1 64 00 ba 28 00 00 00 48 8d 0d 29 b2 64 00 e8
0x00007ffb9c34ac58:   44 9f f3 ff e8 4f ba 36 00 8b 7b 10 45 33 c0 8b
0x00007ffb9c34ac68:   cf 48 c1 e1 04 41 8d 50 05 e8 2a b6 d9 ff 48 89
0x00007ffb9c34ac78:   43 08 48 8b c3 48 8b 5c 24 40 48 83 c4 30 5f c3
0x00007ffb9c34ac88:   cc cc cc cc cc cc cc cc 48 8b 49 08 e9 87 b5 d9
0x00007ffb9c34ac98:   ff cc cc cc cc cc cc cc 48 89 5c 24 08 57 48 83
0x00007ffb9c34aca8:   ec 20 48 8b 05 b7 2d 89 00 48 8b d9 48 8b fa 8b
0x00007ffb9c34acb8:   88 c0 01 00 00 4c 8b 80 b8 01 00 00 0f b6 05 34
0x00007ffb9c34acc8:   c7 85 00 49 d3 e0 8b 0d 6c d0 85 00 49 2b f8 48
0x00007ffb9c34acd8:   d3 ef 84 c0 74 16 44 8b 42 08 8b 0d 00 06 7f 00
0x00007ffb9c34ace8:   49 d3 e0 4c 03 05 ee 05 7f 00 eb 04 4c 8b 42 08
0x00007ffb9c34acf8:   45 8b 48 08 45 85 c9 7e 0c 41 f6 c1 01 75 55 41
0x00007ffb9c34ad08:   c1 f9 03 eb 5e 79 4d 84 c0 41 b8 0c 00 00 00 8b
0x00007ffb9c34ad18:   05 07 15 7f 00 b9 10 00 00 00 41 0f 45 c8 ff c8
0x00007ffb9c34ad28:   4c 63 c0 41 8b c1 48 c1 f8 10 48 63 14 11 41 8b
0x00007ffb9c34ad38:   c9 83 e1 3f 48 d3 e2 0f b6 c8 49 8d 04 10 49 f7
0x00007ffb9c34ad48:   d0 48 03 c8 4d 8b c8 49 c1 e9 03 48 c1 e9 03 44
0x00007ffb9c34ad58:   23 c9 eb 0f 49 8b 00 49 8b c8 ff 90 00 01 00 00
0x00007ffb9c34ad68:   44 8b c8 8b 53 28 8b c7 48 23 d0 48 c1 e2 04 48
0x00007ffb9c34ad78:   03 53 08 8b 02 3b c7 74 34 4c 8b 42 08 4d 85 c0
0x00007ffb9c34ad88:   74 0b 8b c8 48 8b 03 f0 4c 0f c1 04 c8 48 c7 42
0x00007ffb9c34ad98:   08 00 00 00 00 89 3a 48 ff 43 20 49 63 c1 48 01
0x00007ffb9c34ada8:   42 08 48 8b 5c 24 30 48 83 c4 20 5f c3 48 ff 43
0x00007ffb9c34adb8:   18 48 8b 5c 24 30 49 63 c1 48 01 42 08 48 83 c4
0x00007ffb9c34adc8:   20 5f c3 cc cc cc cc cc 48 89 5c 24 08 33 db 4c
0x00007ffb9c34add8:   8b da 4c 8b c9 44 8b c3 39 59 10 76 39 66 66 66
0x00007ffb9c34ade8:   0f 1f 84 00 00 00 00 00 41 8b c0 48 c1 e0 04 49 


Stack slot to memory mapping:
stack at sp + 0 slots: 0x000001f35c9ec540 points into unknown readable memory: 0x0000000702da1bb8 | b8 1b da 02 07 00 00 00
stack at sp + 1 slots: 0x00007ffb9c33132e jvm.dll
stack at sp + 2 slots: 0x0000000713292e18 is an oop: [B 
{0x0000000713292e18} - klass: {type array byte}
 - length: 16
stack at sp + 3 slots: 0x00007ffb9c3314c4 jvm.dll
stack at sp + 4 slots: 0x000000071328f3d8 is pointing into object: [B 
{0x000000071328f398} - klass: {type array byte}
 - length: 74
stack at sp + 5 slots: 0x00007ffb9c3314c4 jvm.dll
stack at sp + 6 slots: 0x000001f358fa7e98 points into unknown readable memory: 0x00007ffb9c9eb2e0 | e0 b2 9e 9c fb 7f 00 00
stack at sp + 7 slots: 0x00007ffb9c330372 jvm.dll


---------------  P R O C E S S  ---------------

Threads class SMR info:
_java_thread_list=0x000001f358ef5bf0, length=43, elements={
0x000001f358449380, 0x000001f358449d10, 0x000001f3584a2010, 0x000001f3584a47b0,
0x000001f358474450, 0x000001f358474920, 0x000001f358478e00, 0x000001f3584acd40,
0x000001f3586b5650, 0x000001f3586b7f70, 0x000001f3596018e0, 0x000001f359afd390,
0x000001f359afd860, 0x000001f3453f4380, 0x000001f359bfa860, 0x000001f35977b060,
0x000001f359c5f950, 0x000001f359c5fe20, 0x000001f359c607c0, 0x000001f359c60c90,
0x000001f359d44110, 0x000001f359d41f60, 0x000001f359d42dd0, 0x000001f359d40750,
0x000001f359d44ab0, 0x000001f359d40c20, 0x000001f359d44f80, 0x000001f359d415c0,
0x000001f359d41a90, 0x000001f359d432a0, 0x000001f359d3ea70, 0x000001f359c62970,
0x000001f359d43770, 0x000001f359d43c40, 0x000001f358fb5b50, 0x000001f358fb7360,
0x000001f358fb81d0, 0x000001f358fb7830, 0x000001f359d42430, 0x000001f359d45df0,
0x000001f359d45450, 0x000001f359d45920, 0x000001f359d3ef40
}

Java Threads: ( => current thread )
  0x000001f358449380 JavaThread "Reference Handler" daemon [_thread_blocked, id=11836, stack(0x000000cd96400000,0x000000cd96500000)]
  0x000001f358449d10 JavaThread "Finalizer" daemon [_thread_blocked, id=1980, stack(0x000000cd96500000,0x000000cd96600000)]
  0x000001f3584a2010 JavaThread "Signal Dispatcher" daemon [_thread_blocked, id=3580, stack(0x000000cd96600000,0x000000cd96700000)]
  0x000001f3584a47b0 JavaThread "Attach Listener" daemon [_thread_blocked, id=2660, stack(0x000000cd96700000,0x000000cd96800000)]
  0x000001f358474450 JavaThread "Service Thread" daemon [_thread_blocked, id=5944, stack(0x000000cd96800000,0x000000cd96900000)]
  0x000001f358474920 JavaThread "Monitor Deflation Thread" daemon [_thread_blocked, id=11808, stack(0x000000cd96900000,0x000000cd96a00000)]
  0x000001f358478e00 JavaThread "C1 CompilerThread0" daemon [_thread_blocked, id=9720, stack(0x000000cd96a00000,0x000000cd96b00000)]
  0x000001f3584acd40 JavaThread "Sweeper thread" daemon [_thread_blocked, id=8224, stack(0x000000cd96b00000,0x000000cd96c00000)]
  0x000001f3586b5650 JavaThread "Notification Thread" daemon [_thread_blocked, id=8724, stack(0x000000cd96d00000,0x000000cd96e00000)]
  0x000001f3586b7f70 JavaThread "Common-Cleaner" daemon [_thread_blocked, id=9048, stack(0x000000cd96f00000,0x000000cd97000000)]
  0x000001f3596018e0 JavaThread "boundedElastic-evictor-1" daemon [_thread_blocked, id=3348, stack(0x000000cd97900000,0x000000cd97a00000)]
  0x000001f359afd390 JavaThread "pool-11-thread-1" [_thread_blocked, id=6240, stack(0x000000cd97e00000,0x000000cd97f00000)]
  0x000001f359afd860 JavaThread "LanguageServerApp-lifecycle" [_thread_blocked, id=9148, stack(0x000000cd97f00000,0x000000cd98000000)]
  0x000001f3453f4380 JavaThread "DestroyJavaVM" [_thread_blocked, id=11708, stack(0x000000cd95d00000,0x000000cd95e00000)]
  0x000001f359bfa860 JavaThread "pool-12-thread-1" [_thread_in_native, id=2604, stack(0x000000cd98000000,0x000000cd98100000)]
  0x000001f35977b060 JavaThread "Simple-Language-Server main thread" daemon [_thread_blocked, id=1688, stack(0x000000cd98100000,0x000000cd98200000)]
  0x000001f359c5f950 JavaThread "pool-8-thread-1" [_thread_blocked, id=11880, stack(0x000000cd98500000,0x000000cd98600000)]
  0x000001f359c5fe20 JavaThread "parallel-1" daemon [_thread_blocked, id=9028, stack(0x000000cd98600000,0x000000cd98700000)]
  0x000001f359c607c0 JavaThread "parallel-2" daemon [_thread_blocked, id=1744, stack(0x000000cd98700000,0x000000cd98800000)]
  0x000001f359c60c90 JavaThread "parallel-3" daemon [_thread_blocked, id=6684, stack(0x000000cd98900000,0x000000cd98a00000)]
  0x000001f359d44110 JavaThread "pool-6-thread-1" [_thread_blocked, id=11796, stack(0x000000cd9a500000,0x000000cd9a600000)]
  0x000001f359d41f60 JavaThread "pool-10-thread-1" [_thread_blocked, id=12248, stack(0x000000cd9a600000,0x000000cd9a700000)]
  0x000001f359d42dd0 JavaThread "parallel-4" daemon [_thread_blocked, id=2412, stack(0x000000cd9a700000,0x000000cd9a800000)]
  0x000001f359d40750 JavaThread "Reconciler-1" daemon [_thread_blocked, id=9560, stack(0x000000cd9a800000,0x000000cd9a900000)]
  0x000001f359d44ab0 JavaThread "pool-10-thread-2" [_thread_blocked, id=6868, stack(0x000000cd9a900000,0x000000cd9aa00000)]
  0x000001f359d40c20 JavaThread "parallel-5" daemon [_thread_blocked, id=10452, stack(0x000000cd9aa00000,0x000000cd9ab00000)]
  0x000001f359d44f80 JavaThread "parallel-6" daemon [_thread_blocked, id=11312, stack(0x000000cd9ab00000,0x000000cd9ac00000)]
  0x000001f359d415c0 JavaThread "pool-10-thread-3" [_thread_blocked, id=5260, stack(0x000000cd9ae00000,0x000000cd9af00000)]
  0x000001f359d41a90 JavaThread "parallel-7" daemon [_thread_blocked, id=11100, stack(0x000000cd98e00000,0x000000cd98f00000)]
  0x000001f359d432a0 JavaThread "parallel-8" daemon [_thread_blocked, id=1736, stack(0x000000cd98f00000,0x000000cd99000000)]
  0x000001f359d3ea70 JavaThread "parallel-9" daemon [_thread_blocked, id=8836, stack(0x000000cd99000000,0x000000cd99100000)]
  0x000001f359c62970 JavaThread "parallel-10" daemon [_thread_blocked, id=3160, stack(0x000000cd95a00000,0x000000cd95b00000)]
  0x000001f359d43770 JavaThread "parallel-11" daemon [_thread_blocked, id=1584, stack(0x000000cd97700000,0x000000cd97800000)]
  0x000001f359d43c40 JavaThread "parallel-12" daemon [_thread_blocked, id=2424, stack(0x000000cd98200000,0x000000cd98300000)]
  0x000001f358fb5b50 JavaThread "ForkJoinPool.commonPool-worker-60" daemon [_thread_blocked, id=156, stack(0x000000cd95c00000,0x000000cd95d00000)]
  0x000001f358fb7360 JavaThread "ForkJoinPool.commonPool-worker-61" daemon [_thread_blocked, id=11652, stack(0x000000cd98300000,0x000000cd98400000)]
  0x000001f358fb81d0 JavaThread "ForkJoinPool.commonPool-worker-62" daemon [_thread_blocked, id=12460, stack(0x000000cd98400000,0x000000cd98500000)]
  0x000001f358fb7830 JavaThread "ForkJoinPool.commonPool-worker-63" daemon [_thread_blocked, id=12184, stack(0x000000cd98800000,0x000000cd98900000)]
  0x000001f359d42430 JavaThread "pool-5-thread-34" [_thread_blocked, id=14240, stack(0x000000cd95b00000,0x000000cd95c00000)]
  0x000001f359d45df0 JavaThread "pool-5-thread-35" [_thread_blocked, id=1904, stack(0x000000cd96c00000,0x000000cd96d00000)]
  0x000001f359d45450 JavaThread "ForkJoinPool-1-worker-26" daemon [_thread_blocked, id=11360, stack(0x000000cd97800000,0x000000cd97900000)]
  0x000001f359d45920 JavaThread "ForkJoinPool.commonPool-worker-73" daemon [_thread_blocked, id=11444, stack(0x000000cd98a00000,0x000000cd98b00000)]
  0x000001f359d3ef40 JavaThread "ForkJoinPool.commonPool-worker-74" daemon [_thread_blocked, id=14448, stack(0x000000cd98b00000,0x000000cd98c00000)]

Other Threads:
  0x000001f358435c10 VMThread "VM Thread" [stack: 0x000000cd96300000,0x000000cd96400000] [id=5752]
  0x000001f3586b5b20 WatcherThread [stack: 0x000000cd96e00000,0x000000cd96f00000] [id=8024]
  0x000001f345463440 GCTaskThread "GC Thread#0" [stack: 0x000000cd95e00000,0x000000cd95f00000] [id=2152]
=>0x000001f3590ae090 GCTaskThread "GC Thread#1" [stack: 0x000000cd97000000,0x000000cd97100000] [id=716]
  0x000001f3590b2d20 GCTaskThread "GC Thread#2" [stack: 0x000000cd97100000,0x000000cd97200000] [id=11992]
  0x000001f3590b2fd0 GCTaskThread "GC Thread#3" [stack: 0x000000cd97200000,0x000000cd97300000] [id=9736]
  0x000001f3590b3280 GCTaskThread "GC Thread#4" [stack: 0x000000cd97300000,0x000000cd97400000] [id=12228]
  0x000001f3590b3530 GCTaskThread "GC Thread#5" [stack: 0x000000cd97400000,0x000000cd97500000] [id=10456]
  0x000001f35934d470 GCTaskThread "GC Thread#6" [stack: 0x000000cd97500000,0x000000cd97600000] [id=6136]
  0x000001f35934db30 GCTaskThread "GC Thread#7" [stack: 0x000000cd97600000,0x000000cd97700000] [id=4596]
  0x000001f359607940 GCTaskThread "GC Thread#8" [stack: 0x000000cd97a00000,0x000000cd97b00000] [id=9892]
  0x000001f359602ef0 GCTaskThread "GC Thread#9" [stack: 0x000000cd97b00000,0x000000cd97c00000] [id=3376]
  0x000001f345474240 ConcurrentGCThread "G1 Main Marker" [stack: 0x000000cd95f00000,0x000000cd96000000] [id=6296]
  0x000001f345474c50 ConcurrentGCThread "G1 Conc#0" [stack: 0x000000cd96000000,0x000000cd96100000] [id=1576]
  0x000001f35962f510 ConcurrentGCThread "G1 Conc#1" [stack: 0x000000cd97c00000,0x000000cd97d00000] [id=8956]
  0x000001f359622060 ConcurrentGCThread "G1 Conc#2" [stack: 0x000000cd97d00000,0x000000cd97e00000] [id=5564]
  0x000001f3454bd730 ConcurrentGCThread "G1 Refine#0" [stack: 0x000000cd96100000,0x000000cd96200000] [id=11436]
  0x000001f359d982b0 ConcurrentGCThread "G1 Refine#1" [stack: 0x000000cd9a000000,0x000000cd9a100000] [id=824]
  0x000001f359cb5d20 ConcurrentGCThread "G1 Refine#2" [stack: 0x000000cd9a100000,0x000000cd9a200000] [id=11956]
  0x000001f359de7e40 ConcurrentGCThread "G1 Refine#3" [stack: 0x000000cd9a200000,0x000000cd9a300000] [id=6604]
  0x000001f359f76080 ConcurrentGCThread "G1 Refine#4" [stack: 0x000000cd9a300000,0x000000cd9a400000] [id=3852]
  0x000001f35c555d70 ConcurrentGCThread "G1 Refine#5" [stack: 0x000000cd9a400000,0x000000cd9a500000] [id=12264]
  0x000001f35c554950 ConcurrentGCThread "G1 Refine#6" [stack: 0x000000cd9af00000,0x000000cd9b000000] [id=8888]
  0x000001f35c554f10 ConcurrentGCThread "G1 Refine#7" [stack: 0x000000cd9b000000,0x000000cd9b100000] [id=3660]
  0x000001f35c5551f0 ConcurrentGCThread "G1 Refine#8" [stack: 0x000000cd9b100000,0x000000cd9b200000] [id=12100]
  0x000001f358e90d30 ConcurrentGCThread "G1 Refine#9" [stack: 0x000000cd99100000,0x000000cd99200000] [id=1960]
  0x000001f3576de890 ConcurrentGCThread "G1 Service" [stack: 0x000000cd96200000,0x000000cd96300000] [id=4212]

Threads with active compile tasks:

VM state: at safepoint (normal execution)

VM Mutex/Monitor currently owned by a thread:  ([mutex/lock_event])
[0x000001f34314ef70] Threads_lock - owner thread: 0x000001f358435c10
[0x000001f343149e60] Heap_lock - owner thread: 0x000001f359afd390

Heap address: 0x0000000701400000, size: 4076 MB, Compressed Oops mode: Zero based, Oop shift amount: 3

CDS archive(s) not mapped
Compressed class space mapped at: 0x0000000800000000-0x0000000840000000, reserved size: 1073741824
Narrow klass base: 0x0000000800000000, Narrow klass shift: 0, Narrow klass range: 0x40000000

GC Precious Log:
 CPUs: 12 total, 12 available
 Memory: 16301M
 Large Page Support: Disabled
 NUMA Support: Disabled
 Compressed Oops: Enabled (Zero based)
 Heap Region Size: 2M
 Heap Min Capacity: 8M
 Heap Initial Capacity: 256M
 Heap Max Capacity: 4076M
 Pre-touch: Disabled
 Parallel Workers: 10
 Concurrent Workers: 3
 Concurrent Refinement Workers: 10
 Periodic GC: Disabled

Heap:
 garbage-first heap   total 315392K, used 171330K [0x0000000701400000, 0x0000000800000000)
  region size 2048K, 29 young (59392K), 0 survivors (0K)
 Metaspace       used 71054K, committed 71552K, reserved 1114112K
  class space    used 9613K, committed 9856K, reserved 1048576K

Heap Regions: E=young(eden), S=young(survivor), O=old, HS=humongous(starts), HC=humongous(continues), CS=collection set, F=free, OA=open archive, CA=closed archive, TAMS=top-at-mark-start (previous, next)
|   0|0x0000000701400000, 0x00000007015fffe8, 0x0000000701600000| 99%| O|  |TAMS 0x00000007015fffe8, 0x0000000701400000| Untracked 
|   1|0x0000000701600000, 0x00000007017ffff0, 0x0000000701800000| 99%| O|  |TAMS 0x00000007017ffff0, 0x0000000701600000| Untracked 
|   2|0x0000000701800000, 0x00000007019ffff8, 0x0000000701a00000| 99%| O|  |TAMS 0x00000007019ffff8, 0x0000000701800000| Untracked 
|   3|0x0000000701a00000, 0x0000000701c00000, 0x0000000701c00000|100%| O|  |TAMS 0x0000000701c00000, 0x0000000701a00000| Untracked 
|   4|0x0000000701c00000, 0x0000000701e00000, 0x0000000701e00000|100%| O|  |TAMS 0x0000000701e00000, 0x0000000701c00000| Untracked 
|   5|0x0000000701e00000, 0x0000000701fffff0, 0x0000000702000000| 99%| O|  |TAMS 0x0000000701fffff0, 0x0000000701e00000| Untracked 
|   6|0x0000000702000000, 0x00000007021fffb8, 0x0000000702200000| 99%| O|  |TAMS 0x00000007021fffb8, 0x0000000702000000| Untracked 
|   7|0x0000000702200000, 0x00000007023edc68, 0x0000000702400000| 96%| O|  |TAMS 0x00000007023edc68, 0x0000000702200000| Untracked 
|   8|0x0000000702400000, 0x00000007025fe778, 0x0000000702600000| 99%| O|  |TAMS 0x00000007025fe778, 0x0000000702400000| Untracked 
|   9|0x0000000702600000, 0x00000007027ffff8, 0x0000000702800000| 99%| O|  |TAMS 0x00000007027ffff8, 0x0000000702600000| Untracked 
|  10|0x0000000702800000, 0x00000007029fd218, 0x0000000702a00000| 99%| O|  |TAMS 0x00000007029fd218, 0x0000000702800000| Untracked 
|  11|0x0000000702a00000, 0x0000000702c00000, 0x0000000702c00000|100%| O|  |TAMS 0x0000000702c00000, 0x0000000702a00000| Untracked 
|  12|0x0000000702c00000, 0x0000000702dfffe8, 0x0000000702e00000| 99%| O|  |TAMS 0x0000000702dfffe8, 0x0000000702c00000| Untracked 
|  13|0x0000000702e00000, 0x0000000702ff8870, 0x0000000703000000| 98%| O|  |TAMS 0x0000000702ff8870, 0x0000000702e00000| Untracked 
|  14|0x0000000703000000, 0x00000007031ffff8, 0x0000000703200000| 99%| O|  |TAMS 0x00000007031ffff8, 0x0000000703000000| Untracked 
|  15|0x0000000703200000, 0x0000000703400000, 0x0000000703400000|100%| O|  |TAMS 0x0000000703400000, 0x0000000703200000| Untracked 
|  16|0x0000000703400000, 0x00000007035ffff8, 0x0000000703600000| 99%| O|  |TAMS 0x00000007035ffff8, 0x0000000703400000| Untracked 
|  17|0x0000000703600000, 0x0000000703800000, 0x0000000703800000|100%| O|  |TAMS 0x0000000703800000, 0x0000000703600000| Untracked 
|  18|0x0000000703800000, 0x0000000703a00000, 0x0000000703a00000|100%| O|  |TAMS 0x0000000703a00000, 0x0000000703800000| Untracked 
|  19|0x0000000703a00000, 0x0000000703bffff0, 0x0000000703c00000| 99%| O|  |TAMS 0x0000000703bffff0, 0x0000000703a00000| Untracked 
|  20|0x0000000703c00000, 0x0000000703dffff8, 0x0000000703e00000| 99%| O|  |TAMS 0x0000000703dffff8, 0x0000000703c00000| Untracked 
|  21|0x0000000703e00000, 0x0000000703ffffe8, 0x0000000704000000| 99%| O|  |TAMS 0x0000000703ffffe8, 0x0000000703e00000| Untracked 
|  22|0x0000000704000000, 0x00000007041ffff0, 0x0000000704200000| 99%| O|  |TAMS 0x00000007041ffff0, 0x0000000704000000| Untracked 
|  23|0x0000000704200000, 0x00000007043ffff8, 0x0000000704400000| 99%| O|  |TAMS 0x00000007043ffff8, 0x0000000704200000| Untracked 
|  24|0x0000000704400000, 0x00000007045ffff0, 0x0000000704600000| 99%| O|  |TAMS 0x00000007045ffff0, 0x0000000704400000| Untracked 
|  25|0x0000000704600000, 0x00000007047fffc8, 0x0000000704800000| 99%| O|  |TAMS 0x00000007047fffc8, 0x0000000704600000| Untracked 
|  26|0x0000000704800000, 0x0000000704a00000, 0x0000000704a00000|100%| O|  |TAMS 0x0000000704a00000, 0x0000000704800000| Untracked 
|  27|0x0000000704a00000, 0x0000000704bffff8, 0x0000000704c00000| 99%| O|  |TAMS 0x0000000704bffff8, 0x0000000704a00000| Untracked 
|  28|0x0000000704c00000, 0x0000000704e00000, 0x0000000704e00000|100%| O|  |TAMS 0x0000000704e00000, 0x0000000704c00000| Untracked 
|  29|0x0000000704e00000, 0x0000000705000000, 0x0000000705000000|100%| O|  |TAMS 0x0000000705000000, 0x0000000704e00000| Untracked 
|  30|0x0000000705000000, 0x00000007051ffff0, 0x0000000705200000| 99%| O|  |TAMS 0x00000007051ffff0, 0x0000000705000000| Untracked 
|  31|0x0000000705200000, 0x0000000705400000, 0x0000000705400000|100%| O|  |TAMS 0x0000000705400000, 0x0000000705200000| Untracked 
|  32|0x0000000705400000, 0x00000007055ff2d8, 0x0000000705600000| 99%| O|  |TAMS 0x00000007055ff2d8, 0x0000000705400000| Untracked 
|  33|0x0000000705600000, 0x00000007057ffff8, 0x0000000705800000| 99%| O|  |TAMS 0x0000000705600000, 0x0000000705600000| Untracked 
|  34|0x0000000705800000, 0x00000007059fffb8, 0x0000000705a00000| 99%| O|  |TAMS 0x00000007059fffb8, 0x0000000705800000| Untracked 
|  35|0x0000000705a00000, 0x0000000705bffff8, 0x0000000705c00000| 99%| O|  |TAMS 0x0000000705bffff8, 0x0000000705a00000| Untracked 
|  36|0x0000000705c00000, 0x0000000705dffff8, 0x0000000705e00000| 99%| O|  |TAMS 0x0000000705c00000, 0x0000000705c00000| Untracked 
|  37|0x0000000705e00000, 0x0000000705fffff0, 0x0000000706000000| 99%| O|  |TAMS 0x0000000705fffff0, 0x0000000705e00000| Untracked 
|  38|0x0000000706000000, 0x00000007061ffcb8, 0x0000000706200000| 99%| O|  |TAMS 0x00000007061ffcb8, 0x0000000706000000| Untracked 
|  39|0x0000000706200000, 0x00000007063ff258, 0x0000000706400000| 99%| O|  |TAMS 0x00000007063ff258, 0x0000000706200000| Untracked 
|  40|0x0000000706400000, 0x00000007065ffff8, 0x0000000706600000| 99%| O|  |TAMS 0x00000007065ffff8, 0x0000000706400000| Untracked 
|  41|0x0000000706600000, 0x00000007067fffe0, 0x0000000706800000| 99%| O|  |TAMS 0x00000007067fffe0, 0x0000000706600000| Untracked 
|  42|0x0000000706800000, 0x0000000706a00000, 0x0000000706a00000|100%| O|  |TAMS 0x0000000706800000, 0x0000000706800000| Untracked 
|  43|0x0000000706a00000, 0x0000000706bfffe0, 0x0000000706c00000| 99%| O|  |TAMS 0x0000000706bfffe0, 0x0000000706a00000| Untracked 
|  44|0x0000000706c00000, 0x0000000706dfff98, 0x0000000706e00000| 99%| O|  |TAMS 0x0000000706c00000, 0x0000000706c00000| Untracked 
|  45|0x0000000706e00000, 0x0000000706fffff8, 0x0000000707000000| 99%| O|  |TAMS 0x0000000706fffff8, 0x0000000706e00000| Untracked 
|  46|0x0000000707000000, 0x00000007071ffff8, 0x0000000707200000| 99%| O|  |TAMS 0x00000007071ffff8, 0x0000000707000000| Untracked 
|  47|0x0000000707200000, 0x00000007073ffff0, 0x0000000707400000| 99%| O|  |TAMS 0x0000000707200000, 0x0000000707200000| Untracked 
|  48|0x0000000707400000, 0x00000007075ab1e8, 0x0000000707600000| 83%| O|  |TAMS 0x0000000707400000, 0x0000000707400000| Untracked 
|  49|0x0000000707600000, 0x0000000707600000, 0x0000000707800000|  0%| F|  |TAMS 0x0000000707600000, 0x0000000707600000| Untracked 
|  50|0x0000000707800000, 0x00000007079fffe8, 0x0000000707a00000| 99%| O|  |TAMS 0x00000007079fffe8, 0x0000000707800000| Untracked 
|  51|0x0000000707a00000, 0x0000000707af91d8, 0x0000000707c00000| 48%| O|  |TAMS 0x0000000707a00000, 0x0000000707a00000| Untracked 
|  52|0x0000000707c00000, 0x0000000707c00000, 0x0000000707e00000|  0%| F|  |TAMS 0x0000000707c00000, 0x0000000707c00000| Untracked 
|  53|0x0000000707e00000, 0x0000000707e00000, 0x0000000708000000|  0%| F|  |TAMS 0x0000000707e00000, 0x0000000707e00000| Untracked 
|  54|0x0000000708000000, 0x0000000708000000, 0x0000000708200000|  0%| F|  |TAMS 0x0000000708000000, 0x0000000708000000| Untracked 
|  55|0x0000000708200000, 0x0000000708200000, 0x0000000708400000|  0%| F|  |TAMS 0x0000000708200000, 0x0000000708200000| Untracked 
|  56|0x0000000708400000, 0x0000000708400000, 0x0000000708600000|  0%| F|  |TAMS 0x0000000708400000, 0x0000000708400000| Untracked 
|  57|0x0000000708600000, 0x0000000708600000, 0x0000000708800000|  0%| F|  |TAMS 0x0000000708600000, 0x0000000708600000| Untracked 
|  58|0x0000000708800000, 0x0000000708800000, 0x0000000708a00000|  0%| F|  |TAMS 0x0000000708800000, 0x0000000708800000| Untracked 
|  59|0x0000000708a00000, 0x0000000708a00000, 0x0000000708c00000|  0%| F|  |TAMS 0x0000000708a00000, 0x0000000708a00000| Untracked 
|  60|0x0000000708c00000, 0x0000000708c00000, 0x0000000708e00000|  0%| F|  |TAMS 0x0000000708c00000, 0x0000000708c00000| Untracked 
|  61|0x0000000708e00000, 0x0000000708e00000, 0x0000000709000000|  0%| F|  |TAMS 0x0000000708e00000, 0x0000000708e00000| Untracked 
|  62|0x0000000709000000, 0x0000000709000000, 0x0000000709200000|  0%| F|  |TAMS 0x0000000709000000, 0x0000000709000000| Untracked 
|  63|0x0000000709200000, 0x0000000709200000, 0x0000000709400000|  0%| F|  |TAMS 0x0000000709200000, 0x0000000709200000| Untracked 
|  64|0x0000000709400000, 0x0000000709400000, 0x0000000709600000|  0%| F|  |TAMS 0x0000000709400000, 0x0000000709400000| Untracked 
|  65|0x0000000709600000, 0x0000000709600000, 0x0000000709800000|  0%| F|  |TAMS 0x0000000709600000, 0x0000000709600000| Untracked 
|  66|0x0000000709800000, 0x0000000709800000, 0x0000000709a00000|  0%| F|  |TAMS 0x0000000709800000, 0x0000000709800000| Untracked 
|  67|0x0000000709a00000, 0x0000000709a00000, 0x0000000709c00000|  0%| F|  |TAMS 0x0000000709a00000, 0x0000000709a00000| Untracked 
|  68|0x0000000709c00000, 0x0000000709cf53c0, 0x0000000709e00000| 47%| O|  |TAMS 0x0000000709c00000, 0x0000000709c00000| Untracked 
|  69|0x0000000709e00000, 0x000000070a000000, 0x000000070a000000|100%| O|  |TAMS 0x000000070a000000, 0x0000000709e00000| Untracked 
|  70|0x000000070a000000, 0x000000070a000000, 0x000000070a200000|  0%| F|  |TAMS 0x000000070a000000, 0x000000070a000000| Untracked 
|  71|0x000000070a200000, 0x000000070a200000, 0x000000070a400000|  0%| F|  |TAMS 0x000000070a200000, 0x000000070a200000| Untracked 
|  72|0x000000070a400000, 0x000000070a400000, 0x000000070a600000|  0%| F|  |TAMS 0x000000070a400000, 0x000000070a400000| Untracked 
|  73|0x000000070a600000, 0x000000070a600000, 0x000000070a800000|  0%| F|  |TAMS 0x000000070a600000, 0x000000070a600000| Untracked 
|  74|0x000000070a800000, 0x000000070a800000, 0x000000070aa00000|  0%| F|  |TAMS 0x000000070a800000, 0x000000070a800000| Untracked 
|  75|0x000000070aa00000, 0x000000070aa00000, 0x000000070ac00000|  0%| F|  |TAMS 0x000000070aa00000, 0x000000070aa00000| Untracked 
|  76|0x000000070ac00000, 0x000000070ac00000, 0x000000070ae00000|  0%| F|  |TAMS 0x000000070ac00000, 0x000000070ac00000| Untracked 
|  77|0x000000070ae00000, 0x000000070ae00000, 0x000000070b000000|  0%| F|  |TAMS 0x000000070ae00000, 0x000000070ae00000| Untracked 
|  78|0x000000070b000000, 0x000000070b000000, 0x000000070b200000|  0%| F|  |TAMS 0x000000070b000000, 0x000000070b000000| Untracked 
|  79|0x000000070b200000, 0x000000070b200000, 0x000000070b400000|  0%| F|  |TAMS 0x000000070b200000, 0x000000070b200000| Untracked 
|  80|0x000000070b400000, 0x000000070b400000, 0x000000070b600000|  0%| F|  |TAMS 0x000000070b400000, 0x000000070b400000| Untracked 
|  81|0x000000070b600000, 0x000000070b600000, 0x000000070b800000|  0%| F|  |TAMS 0x000000070b600000, 0x000000070b600000| Untracked 
|  82|0x000000070b800000, 0x000000070b800000, 0x000000070ba00000|  0%| F|  |TAMS 0x000000070b800000, 0x000000070b800000| Untracked 
|  83|0x000000070ba00000, 0x000000070bc00000, 0x000000070bc00000|100%|HS|  |TAMS 0x000000070bc00000, 0x000000070ba00000| Untracked 
|  84|0x000000070bc00000, 0x000000070bc00000, 0x000000070be00000|  0%| F|  |TAMS 0x000000070bc00000, 0x000000070bc00000| Untracked 
|  85|0x000000070be00000, 0x000000070be00000, 0x000000070c000000|  0%| F|  |TAMS 0x000000070be00000, 0x000000070be00000| Untracked 
|  86|0x000000070c000000, 0x000000070c200000, 0x000000070c200000|100%| O|  |TAMS 0x000000070c200000, 0x000000070c000000| Untracked 
|  87|0x000000070c200000, 0x000000070c200000, 0x000000070c400000|  0%| F|  |TAMS 0x000000070c200000, 0x000000070c200000| Untracked 
|  88|0x000000070c400000, 0x000000070c400000, 0x000000070c600000|  0%| F|  |TAMS 0x000000070c400000, 0x000000070c400000| Untracked 
|  89|0x000000070c600000, 0x000000070c600000, 0x000000070c800000|  0%| F|  |TAMS 0x000000070c600000, 0x000000070c600000| Untracked 
|  90|0x000000070c800000, 0x000000070c800000, 0x000000070ca00000|  0%| F|  |TAMS 0x000000070c800000, 0x000000070c800000| Untracked 
|  91|0x000000070ca00000, 0x000000070ca00000, 0x000000070cc00000|  0%| F|  |TAMS 0x000000070ca00000, 0x000000070ca00000| Untracked 
|  92|0x000000070cc00000, 0x000000070cc00000, 0x000000070ce00000|  0%| F|  |TAMS 0x000000070cc00000, 0x000000070cc00000| Untracked 
|  93|0x000000070ce00000, 0x000000070ce00000, 0x000000070d000000|  0%| F|  |TAMS 0x000000070ce00000, 0x000000070ce00000| Untracked 
|  94|0x000000070d000000, 0x000000070d000000, 0x000000070d200000|  0%| F|  |TAMS 0x000000070d000000, 0x000000070d000000| Untracked 
|  95|0x000000070d200000, 0x000000070d200000, 0x000000070d400000|  0%| F|  |TAMS 0x000000070d200000, 0x000000070d200000| Untracked 
|  96|0x000000070d400000, 0x000000070d400000, 0x000000070d600000|  0%| F|  |TAMS 0x000000070d400000, 0x000000070d400000| Untracked 
|  97|0x000000070d600000, 0x000000070d600000, 0x000000070d800000|  0%| F|  |TAMS 0x000000070d600000, 0x000000070d600000| Untracked 
|  98|0x000000070d800000, 0x000000070d800000, 0x000000070da00000|  0%| F|  |TAMS 0x000000070d800000, 0x000000070d800000| Untracked 
|  99|0x000000070da00000, 0x000000070da00000, 0x000000070dc00000|  0%| F|  |TAMS 0x000000070da00000, 0x000000070da00000| Untracked 
| 100|0x000000070dc00000, 0x000000070dc00000, 0x000000070de00000|  0%| F|  |TAMS 0x000000070dc00000, 0x000000070dc00000| Untracked 
| 101|0x000000070de00000, 0x000000070de00000, 0x000000070e000000|  0%| F|  |TAMS 0x000000070de00000, 0x000000070de00000| Untracked 
| 102|0x000000070e000000, 0x000000070e000000, 0x000000070e200000|  0%| F|  |TAMS 0x000000070e000000, 0x000000070e000000| Untracked 
| 103|0x000000070e200000, 0x000000070e200000, 0x000000070e400000|  0%| F|  |TAMS 0x000000070e200000, 0x000000070e200000| Untracked 
| 104|0x000000070e400000, 0x000000070e400000, 0x000000070e600000|  0%| F|  |TAMS 0x000000070e400000, 0x000000070e400000| Untracked 
| 105|0x000000070e600000, 0x000000070e600000, 0x000000070e800000|  0%| F|  |TAMS 0x000000070e600000, 0x000000070e600000| Untracked 
| 106|0x000000070e800000, 0x000000070e800000, 0x000000070ea00000|  0%| F|  |TAMS 0x000000070e800000, 0x000000070e800000| Untracked 
| 107|0x000000070ea00000, 0x000000070ea00000, 0x000000070ec00000|  0%| F|  |TAMS 0x000000070ea00000, 0x000000070ea00000| Untracked 
| 108|0x000000070ec00000, 0x000000070ec00000, 0x000000070ee00000|  0%| F|  |TAMS 0x000000070ec00000, 0x000000070ec00000| Untracked 
| 109|0x000000070ee00000, 0x000000070ee00000, 0x000000070f000000|  0%| F|  |TAMS 0x000000070ee00000, 0x000000070ee00000| Untracked 
| 110|0x000000070f000000, 0x000000070f000000, 0x000000070f200000|  0%| F|  |TAMS 0x000000070f000000, 0x000000070f000000| Untracked 
| 111|0x000000070f200000, 0x000000070f200000, 0x000000070f400000|  0%| F|  |TAMS 0x000000070f200000, 0x000000070f200000| Untracked 
| 112|0x000000070f400000, 0x000000070f400000, 0x000000070f600000|  0%| F|  |TAMS 0x000000070f400000, 0x000000070f400000| Untracked 
| 113|0x000000070f600000, 0x000000070f600000, 0x000000070f800000|  0%| F|  |TAMS 0x000000070f600000, 0x000000070f600000| Untracked 
| 114|0x000000070f800000, 0x000000070f800000, 0x000000070fa00000|  0%| F|  |TAMS 0x000000070f800000, 0x000000070f800000| Untracked 
| 115|0x000000070fa00000, 0x000000070fa00000, 0x000000070fc00000|  0%| F|  |TAMS 0x000000070fa00000, 0x000000070fa00000| Untracked 
| 116|0x000000070fc00000, 0x000000070fc00000, 0x000000070fe00000|  0%| F|  |TAMS 0x000000070fc00000, 0x000000070fc00000| Untracked 
| 117|0x000000070fe00000, 0x000000070fe00000, 0x0000000710000000|  0%| F|  |TAMS 0x000000070fe00000, 0x000000070fe00000| Untracked 
| 118|0x0000000710000000, 0x0000000710000000, 0x0000000710200000|  0%| F|  |TAMS 0x0000000710000000, 0x0000000710000000| Untracked 
| 119|0x0000000710200000, 0x0000000710200000, 0x0000000710400000|  0%| F|  |TAMS 0x0000000710200000, 0x0000000710200000| Untracked 
| 120|0x0000000710400000, 0x00000007104ccf30, 0x0000000710600000| 40%| O|  |TAMS 0x0000000710400000, 0x0000000710400000| Untracked 
| 121|0x0000000710600000, 0x000000071069d068, 0x0000000710800000| 30%| O|  |TAMS 0x0000000710600000, 0x0000000710600000| Untracked 
| 122|0x0000000710800000, 0x0000000710800000, 0x0000000710a00000|  0%| F|  |TAMS 0x0000000710800000, 0x0000000710800000| Untracked 
| 123|0x0000000710a00000, 0x0000000710add638, 0x0000000710c00000| 43%| O|  |TAMS 0x0000000710a00000, 0x0000000710a00000| Untracked 
| 124|0x0000000710c00000, 0x0000000710d05030, 0x0000000710e00000| 50%| E|  |TAMS 0x0000000710c00000, 0x0000000710c00000| Complete 
| 125|0x0000000710e00000, 0x0000000710e8af60, 0x0000000711000000| 27%| O|  |TAMS 0x0000000710e00000, 0x0000000710e00000| Untracked 
| 126|0x0000000711000000, 0x0000000711200000, 0x0000000711200000|100%| E|  |TAMS 0x0000000711000000, 0x0000000711000000| Complete 
| 127|0x0000000711200000, 0x0000000711400000, 0x0000000711400000|100%| E|  |TAMS 0x0000000711200000, 0x0000000711200000| Complete 
| 128|0x0000000711400000, 0x0000000711600000, 0x0000000711600000|100%| E|  |TAMS 0x0000000711400000, 0x0000000711400000| Complete 
| 129|0x0000000711600000, 0x0000000711800000, 0x0000000711800000|100%| E|  |TAMS 0x0000000711600000, 0x0000000711600000| Complete 
| 130|0x0000000711800000, 0x0000000711a00000, 0x0000000711a00000|100%| E|  |TAMS 0x0000000711800000, 0x0000000711800000| Complete 
| 131|0x0000000711a00000, 0x0000000711c00000, 0x0000000711c00000|100%| E|  |TAMS 0x0000000711a00000, 0x0000000711a00000| Complete 
| 132|0x0000000711c00000, 0x0000000711e00000, 0x0000000711e00000|100%| E|  |TAMS 0x0000000711c00000, 0x0000000711c00000| Complete 
| 133|0x0000000711e00000, 0x0000000712000000, 0x0000000712000000|100%| E|  |TAMS 0x0000000711e00000, 0x0000000711e00000| Complete 
| 134|0x0000000712000000, 0x0000000712200000, 0x0000000712200000|100%| E|  |TAMS 0x0000000712000000, 0x0000000712000000| Complete 
| 135|0x0000000712200000, 0x0000000712400000, 0x0000000712400000|100%| E|  |TAMS 0x0000000712200000, 0x0000000712200000| Complete 
| 136|0x0000000712400000, 0x0000000712600000, 0x0000000712600000|100%| E|  |TAMS 0x0000000712400000, 0x0000000712400000| Complete 
| 137|0x0000000712600000, 0x0000000712800000, 0x0000000712800000|100%| E|  |TAMS 0x0000000712600000, 0x0000000712600000| Complete 
| 138|0x0000000712800000, 0x0000000712a00000, 0x0000000712a00000|100%| E|  |TAMS 0x0000000712800000, 0x0000000712800000| Complete 
| 139|0x0000000712a00000, 0x0000000712c00000, 0x0000000712c00000|100%| E|  |TAMS 0x0000000712a00000, 0x0000000712a00000| Complete 
| 140|0x0000000712c00000, 0x0000000712e00000, 0x0000000712e00000|100%| E|  |TAMS 0x0000000712c00000, 0x0000000712c00000| Complete 
| 141|0x0000000712e00000, 0x0000000713000000, 0x0000000713000000|100%| E|  |TAMS 0x0000000712e00000, 0x0000000712e00000| Complete 
| 142|0x0000000713000000, 0x0000000713200000, 0x0000000713200000|100%| E|  |TAMS 0x0000000713000000, 0x0000000713000000| Complete 
| 143|0x0000000713200000, 0x0000000713400000, 0x0000000713400000|100%| E|  |TAMS 0x0000000713200000, 0x0000000713200000| Complete 
| 144|0x0000000713400000, 0x0000000713600000, 0x0000000713600000|100%| E|  |TAMS 0x0000000713400000, 0x0000000713400000| Complete 
| 145|0x0000000713600000, 0x0000000713800000, 0x0000000713800000|100%| E|  |TAMS 0x0000000713600000, 0x0000000713600000| Complete 
| 146|0x0000000713800000, 0x0000000713a00000, 0x0000000713a00000|100%| E|  |TAMS 0x0000000713800000, 0x0000000713800000| Complete 
| 147|0x0000000713a00000, 0x0000000713c00000, 0x0000000713c00000|100%| E|  |TAMS 0x0000000713a00000, 0x0000000713a00000| Complete 
| 148|0x0000000713c00000, 0x0000000713e00000, 0x0000000713e00000|100%| E|  |TAMS 0x0000000713c00000, 0x0000000713c00000| Complete 
| 149|0x0000000713e00000, 0x0000000714000000, 0x0000000714000000|100%| E|  |TAMS 0x0000000713e00000, 0x0000000713e00000| Complete 
| 150|0x0000000714000000, 0x0000000714200000, 0x0000000714200000|100%| E|  |TAMS 0x0000000714000000, 0x0000000714000000| Complete 
| 151|0x0000000714200000, 0x0000000714400000, 0x0000000714400000|100%| E|  |TAMS 0x0000000714200000, 0x0000000714200000| Complete 
| 152|0x0000000714400000, 0x0000000714600000, 0x0000000714600000|100%| E|  |TAMS 0x0000000714400000, 0x0000000714400000| Complete 
| 153|0x0000000714600000, 0x0000000714800000, 0x0000000714800000|100%| E|  |TAMS 0x0000000714600000, 0x0000000714600000| Complete 

Card table byte_map: [0x000001f34bbb0000,0x000001f34c3b0000] _byte_map_base: 0x000001f3483a6000

Marking Bits (Prev, Next): (CMBitMap*) 0x000001f345463a90, (CMBitMap*) 0x000001f345463a50
 Prev Bits: [0x000001f350b60000, 0x000001f354b10000)
 Next Bits: [0x000001f34cbb0000, 0x000001f350b60000)

Polling page: 0x000001f344bc0000

Metaspace:

Usage:
  Non-class:     60.00 MB used.
      Class:      9.39 MB used.
       Both:     69.39 MB used.

Virtual space:
  Non-class space:       64.00 MB reserved,      60.25 MB ( 94%) committed,  8 nodes.
      Class space:        1.00 GB reserved,       9.62 MB ( <1%) committed,  1 nodes.
             Both:        1.06 GB reserved,      69.88 MB (  6%) committed. 

Chunk freelists:
   Non-Class:  3.68 MB
       Class:  2.38 MB
        Both:  6.07 MB

MaxMetaspaceSize: unlimited
CompressedClassSpaceSize: 1.00 GB
Initial GC threshold: 21.00 MB
Current GC threshold: 116.38 MB
CDS: off
MetaspaceReclaimPolicy: balanced
 - commit_granule_bytes: 65536.
 - commit_granule_words: 8192.
 - virtual_space_node_default_size: 1048576.
 - enlarge_chunks_in_place: 1.
 - new_chunks_are_fully_committed: 0.
 - uncommit_free_chunks: 1.
 - use_allocation_guard: 0.
 - handle_deallocations: 1.


Internal statistics:

num_allocs_failed_limit: 15.
num_arena_births: 844.
num_arena_deaths: 306.
num_vsnodes_births: 9.
num_vsnodes_deaths: 0.
num_space_committed: 1119.
num_space_uncommitted: 1.
num_chunks_returned_to_freelist: 398.
num_chunks_taken_from_freelist: 3382.
num_chunk_merges: 123.
num_chunk_splits: 2192.
num_chunks_enlarged: 1525.
num_purges: 22.
num_inconsistent_stats: 0.

CodeCache: size=49152Kb used=33230Kb max_used=34181Kb free=15921Kb
 bounds [0x000001f348080000, 0x000001f34a1f0000, 0x000001f34b080000]
 total_blobs=17262 nmethods=16567 adapters=620
 compilation: enabled
              stopped_count=0, restarted_count=0
 full_count=0

Compilation events (20 events):
Event: 7972.899 Thread 0x000001f358478e00 16794       1       org.openrewrite.java.tree.J$If$Else::withMarkers (37 bytes)
Event: 7972.899 Thread 0x000001f358478e00 nmethod 16794 0x000001f34a123590 code [0x000001f34a123740, 0x000001f34a123a98]
Event: 7972.899 Thread 0x000001f358478e00 16795       1       org.openrewrite.java.tree.J$If$Else$Padding::getBody (8 bytes)
Event: 7972.899 Thread 0x000001f358478e00 nmethod 16795 0x000001f34a123290 code [0x000001f34a123420, 0x000001f34a1234f8]
Event: 7975.533 Thread 0x000001f358478e00 16796       1       org.openrewrite.java.JavaVisitor::visitElse (58 bytes)
Event: 7975.534 Thread 0x000001f358478e00 nmethod 16796 0x000001f34a122690 code [0x000001f34a1228c0, 0x000001f34a122e78]
Event: 7975.534 Thread 0x000001f358478e00 16797       1       org.openrewrite.java.tree.J$If$Else::withPrefix (37 bytes)
Event: 7975.534 Thread 0x000001f358478e00 nmethod 16797 0x000001f34a122110 code [0x000001f34a1222c0, 0x000001f34a122618]
Event: 7975.534 Thread 0x000001f358478e00 16798       1       org.openrewrite.java.tree.J$If$Else$Padding::withBody (48 bytes)
Event: 7975.534 Thread 0x000001f358478e00 nmethod 16798 0x000001f34a121b90 code [0x000001f34a121d40, 0x000001f34a122038]
Event: 7980.830 Thread 0x000001f358478e00 16799       1       org.openrewrite.java.JavaIsoVisitor::visitElse (7 bytes)
Event: 7980.830 Thread 0x000001f358478e00 nmethod 16799 0x000001f34a121810 code [0x000001f34a1219a0, 0x000001f34a121ac8]
Event: 7980.830 Thread 0x000001f358478e00 16800       1       org.openrewrite.java.JavaIsoVisitor::visitElse (10 bytes)
Event: 7980.830 Thread 0x000001f358478e00 nmethod 16800 0x000001f34a121490 code [0x000001f34a121620, 0x000001f34a121748]
Event: 7989.030 Thread 0x000001f358478e00 16801       1       org.eclipse.jdt.internal.compiler.ast.FalseLiteral::<init> (7 bytes)
Event: 7989.030 Thread 0x000001f358478e00 nmethod 16801 0x000001f34a121190 code [0x000001f34a121320, 0x000001f34a1213f8]
Event: 8163.164 Thread 0x000001f358478e00 16802       1       org.eclipse.jdt.internal.compiler.parser.Parser::consumeStatementIfWithElse (106 bytes)
Event: 8163.164 Thread 0x000001f358478e00 nmethod 16802 0x000001f34a120990 code [0x000001f34a120b60, 0x000001f34a120f48]
Event: 8163.164 Thread 0x000001f358478e00 16803       1       org.eclipse.jdt.internal.compiler.ast.IfStatement::<init> (99 bytes)
Event: 8163.164 Thread 0x000001f358478e00 nmethod 16803 0x000001f34a120390 code [0x000001f34a120540, 0x000001f34a120858]

GC Heap History (20 events):
Event: 8676.533 GC heap after
{Heap after GC invocations=1341 (full 496):
 garbage-first heap   total 315392K, used 112770K [0x0000000701400000, 0x0000000800000000)
  region size 2048K, 0 young (0K), 0 survivors (0K)
 Metaspace       used 71054K, committed 71552K, reserved 1114112K
  class space    used 9613K, committed 9856K, reserved 1048576K
}
Event: 8686.617 GC heap before
{Heap before GC invocations=1341 (full 496):
 garbage-first heap   total 315392K, used 112770K [0x0000000701400000, 0x0000000800000000)
  region size 2048K, 1 young (2048K), 0 survivors (0K)
 Metaspace       used 71054K, committed 71552K, reserved 1114112K
  class space    used 9613K, committed 9856K, reserved 1048576K
}
Event: 8686.664 GC heap after
{Heap after GC invocations=1342 (full 497):
 garbage-first heap   total 315392K, used 112770K [0x0000000701400000, 0x0000000800000000)
  region size 2048K, 0 young (0K), 0 survivors (0K)
 Metaspace       used 71054K, committed 71552K, reserved 1114112K
  class space    used 9613K, committed 9856K, reserved 1048576K
}
Event: 8696.754 GC heap before
{Heap before GC invocations=1342 (full 497):
 garbage-first heap   total 315392K, used 112770K [0x0000000701400000, 0x0000000800000000)
  region size 2048K, 1 young (2048K), 0 survivors (0K)
 Metaspace       used 71054K, committed 71552K, reserved 1114112K
  class space    used 9613K, committed 9856K, reserved 1048576K
}
Event: 8696.800 GC heap after
{Heap after GC invocations=1343 (full 498):
 garbage-first heap   total 315392K, used 112770K [0x0000000701400000, 0x0000000800000000)
  region size 2048K, 0 young (0K), 0 survivors (0K)
 Metaspace       used 71054K, committed 71552K, reserved 1114112K
  class space    used 9613K, committed 9856K, reserved 1048576K
}
Event: 8706.897 GC heap before
{Heap before GC invocations=1343 (full 498):
 garbage-first heap   total 315392K, used 112770K [0x0000000701400000, 0x0000000800000000)
  region size 2048K, 1 young (2048K), 0 survivors (0K)
 Metaspace       used 71054K, committed 71552K, reserved 1114112K
  class space    used 9613K, committed 9856K, reserved 1048576K
}
Event: 8706.944 GC heap after
{Heap after GC invocations=1344 (full 499):
 garbage-first heap   total 315392K, used 112770K [0x0000000701400000, 0x0000000800000000)
  region size 2048K, 0 young (0K), 0 survivors (0K)
 Metaspace       used 71054K, committed 71552K, reserved 1114112K
  class space    used 9613K, committed 9856K, reserved 1048576K
}
Event: 8717.045 GC heap before
{Heap before GC invocations=1344 (full 499):
 garbage-first heap   total 315392K, used 112770K [0x0000000701400000, 0x0000000800000000)
  region size 2048K, 1 young (2048K), 0 survivors (0K)
 Metaspace       used 71054K, committed 71552K, reserved 1114112K
  class space    used 9613K, committed 9856K, reserved 1048576K
}
Event: 8717.094 GC heap after
{Heap after GC invocations=1345 (full 500):
 garbage-first heap   total 315392K, used 112770K [0x0000000701400000, 0x0000000800000000)
  region size 2048K, 0 young (0K), 0 survivors (0K)
 Metaspace       used 71054K, committed 71552K, reserved 1114112K
  class space    used 9613K, committed 9856K, reserved 1048576K
}
Event: 8727.179 GC heap before
{Heap before GC invocations=1345 (full 500):
 garbage-first heap   total 315392K, used 112770K [0x0000000701400000, 0x0000000800000000)
  region size 2048K, 1 young (2048K), 0 survivors (0K)
 Metaspace       used 71054K, committed 71552K, reserved 1114112K
  class space    used 9613K, committed 9856K, reserved 1048576K
}
Event: 8727.226 GC heap after
{Heap after GC invocations=1346 (full 501):
 garbage-first heap   total 315392K, used 112770K [0x0000000701400000, 0x0000000800000000)
  region size 2048K, 0 young (0K), 0 survivors (0K)
 Metaspace       used 71054K, committed 71552K, reserved 1114112K
  class space    used 9613K, committed 9856K, reserved 1048576K
}
Event: 8737.313 GC heap before
{Heap before GC invocations=1346 (full 501):
 garbage-first heap   total 315392K, used 112770K [0x0000000701400000, 0x0000000800000000)
  region size 2048K, 1 young (2048K), 0 survivors (0K)
 Metaspace       used 71054K, committed 71552K, reserved 1114112K
  class space    used 9613K, committed 9856K, reserved 1048576K
}
Event: 8737.359 GC heap after
{Heap after GC invocations=1347 (full 502):
 garbage-first heap   total 315392K, used 112770K [0x0000000701400000, 0x0000000800000000)
  region size 2048K, 0 young (0K), 0 survivors (0K)
 Metaspace       used 71054K, committed 71552K, reserved 1114112K
  class space    used 9613K, committed 9856K, reserved 1048576K
}
Event: 8747.443 GC heap before
{Heap before GC invocations=1347 (full 502):
 garbage-first heap   total 315392K, used 112770K [0x0000000701400000, 0x0000000800000000)
  region size 2048K, 1 young (2048K), 0 survivors (0K)
 Metaspace       used 71054K, committed 71552K, reserved 1114112K
  class space    used 9613K, committed 9856K, reserved 1048576K
}
Event: 8747.489 GC heap after
{Heap after GC invocations=1348 (full 503):
 garbage-first heap   total 315392K, used 112770K [0x0000000701400000, 0x0000000800000000)
  region size 2048K, 0 young (0K), 0 survivors (0K)
 Metaspace       used 71054K, committed 71552K, reserved 1114112K
  class space    used 9613K, committed 9856K, reserved 1048576K
}
Event: 8757.576 GC heap before
{Heap before GC invocations=1348 (full 503):
 garbage-first heap   total 315392K, used 112770K [0x0000000701400000, 0x0000000800000000)
  region size 2048K, 1 young (2048K), 0 survivors (0K)
 Metaspace       used 71054K, committed 71552K, reserved 1114112K
  class space    used 9613K, committed 9856K, reserved 1048576K
}
Event: 8757.622 GC heap after
{Heap after GC invocations=1349 (full 504):
 garbage-first heap   total 315392K, used 112770K [0x0000000701400000, 0x0000000800000000)
  region size 2048K, 0 young (0K), 0 survivors (0K)
 Metaspace       used 71054K, committed 71552K, reserved 1114112K
  class space    used 9613K, committed 9856K, reserved 1048576K
}
Event: 8797.847 GC heap before
{Heap before GC invocations=1349 (full 504):
 garbage-first heap   total 315392K, used 186498K [0x0000000701400000, 0x0000000800000000)
  region size 2048K, 37 young (75776K), 0 survivors (0K)
 Metaspace       used 71054K, committed 71552K, reserved 1114112K
  class space    used 9613K, committed 9856K, reserved 1048576K
}
Event: 8797.926 GC heap after
{Heap after GC invocations=1350 (full 505):
 garbage-first heap   total 315392K, used 112942K [0x0000000701400000, 0x0000000800000000)
  region size 2048K, 0 young (0K), 0 survivors (0K)
 Metaspace       used 71054K, committed 71552K, reserved 1114112K
  class space    used 9613K, committed 9856K, reserved 1048576K
}
Event: 8838.066 GC heap before
{Heap before GC invocations=1350 (full 505):
 garbage-first heap   total 315392K, used 170286K [0x0000000701400000, 0x0000000800000000)
  region size 2048K, 29 young (59392K), 0 survivors (0K)
 Metaspace       used 71054K, committed 71552K, reserved 1114112K
  class space    used 9613K, committed 9856K, reserved 1048576K
}

Dll operation events (10 events):
Event: 0.004 Loaded shared library c:\Users\Administrator\.vscode\extensions\redhat.java-1.13.0-win32-x64\jre\17.0.5-win32-x86_64\bin\java.dll
Event: 0.133 Loaded shared library C:\Users\Administrator\.vscode\extensions\redhat.java-1.13.0-win32-x64\jre\17.0.5-win32-x86_64\bin\net.dll
Event: 0.135 Loaded shared library C:\Users\Administrator\.vscode\extensions\redhat.java-1.13.0-win32-x64\jre\17.0.5-win32-x86_64\bin\nio.dll
Event: 0.142 Loaded shared library C:\Users\Administrator\.vscode\extensions\redhat.java-1.13.0-win32-x64\jre\17.0.5-win32-x86_64\bin\zip.dll
Event: 0.268 Loaded shared library C:\Users\Administrator\.vscode\extensions\redhat.java-1.13.0-win32-x64\jre\17.0.5-win32-x86_64\bin\jimage.dll
Event: 0.351 Loaded shared library c:\Users\Administrator\.vscode\extensions\redhat.java-1.13.0-win32-x64\jre\17.0.5-win32-x86_64\bin\verify.dll
Event: 2.433 Loaded shared library C:\Users\Administrator\.vscode\extensions\redhat.java-1.13.0-win32-x64\jre\17.0.5-win32-x86_64\bin\management.dll
Event: 2.434 Loaded shared library C:\Users\Administrator\.vscode\extensions\redhat.java-1.13.0-win32-x64\jre\17.0.5-win32-x86_64\bin\management_ext.dll
Event: 3.518 Loaded shared library C:\Users\Administrator\.vscode\extensions\redhat.java-1.13.0-win32-x64\jre\17.0.5-win32-x86_64\bin\sunmscapi.dll
Event: 6.293 Loaded shared library C:\Users\Administrator\AppData\Local\Temp\snappy-1.1.8-7965c159-369c-4147-9521-c04ec957bcb1-snappyjava.dll

Deoptimization events (20 events):
Event: 1650.578 Thread 0x000001f359d42430 DEOPT PACKING pc=0x000001f3498f6044 sp=0x000000cd994fe310
Event: 1650.578 Thread 0x000001f359d42430 DEOPT UNPACKING pc=0x000001f3480d2b43 sp=0x000000cd994fd7e8 mode 0
Event: 2044.506 Thread 0x000001f359d45450 DEOPT PACKING pc=0x000001f349a6d85b sp=0x000000cd95cfe6e0
Event: 2044.506 Thread 0x000001f359d45450 DEOPT UNPACKING pc=0x000001f3480d2b43 sp=0x000000cd95cfdbb8 mode 3
Event: 2044.742 Thread 0x000001f358fb69c0 DEOPT PACKING pc=0x000001f349a61f87 sp=0x000000cd98cfdf50
Event: 2044.742 Thread 0x000001f358fb69c0 DEOPT UNPACKING pc=0x000001f3480d2b43 sp=0x000000cd98cfd4a0 mode 3
Event: 3661.245 Thread 0x000001f358fb4810 DEOPT PACKING pc=0x000001f349aa5fdd sp=0x000000cd992fe2e0
Event: 3661.245 Thread 0x000001f358fb4810 DEOPT UNPACKING pc=0x000001f3480d2b43 sp=0x000000cd992fd7e0 mode 3
Event: 3692.447 Thread 0x000001f359d45920 DEOPT PACKING pc=0x000001f34998b01f sp=0x000000cd983fdac0
Event: 3692.447 Thread 0x000001f359d45920 DEOPT UNPACKING pc=0x000001f3480d2b43 sp=0x000000cd983fcfc8 mode 3
Event: 3693.053 Thread 0x000001f359d3ef40 DEOPT PACKING pc=0x000001f349983dc3 sp=0x000000cd95bfe240
Event: 3693.053 Thread 0x000001f359d3ef40 DEOPT UNPACKING pc=0x000001f3480d2b43 sp=0x000000cd95bfd768 mode 3
Event: 4242.113 Thread 0x000001f359d3fdb0 DEOPT PACKING pc=0x000001f349b5fed1 sp=0x000000cd98afdb00
Event: 4242.113 Thread 0x000001f359d3fdb0 DEOPT UNPACKING pc=0x000001f3480d2b43 sp=0x000000cd98afcfe8 mode 3
Event: 4673.200 Thread 0x000001f358fb7830 DEOPT PACKING pc=0x000001f349d98c10 sp=0x000000cd993fddf0
Event: 4673.200 Thread 0x000001f358fb7830 DEOPT UNPACKING pc=0x000001f3480d2b43 sp=0x000000cd993fd330 mode 3
Event: 4850.979 Thread 0x000001f358fb69c0 DEOPT PACKING pc=0x000001f349e9eb57 sp=0x000000cd983fd960
Event: 4850.979 Thread 0x000001f358fb69c0 DEOPT UNPACKING pc=0x000001f3480d2b43 sp=0x000000cd983fd398 mode 3
Event: 4853.019 Thread 0x000001f358fb7830 DEOPT PACKING pc=0x000001f348bf28ee sp=0x000000cd993fd920
Event: 4853.019 Thread 0x000001f358fb7830 DEOPT UNPACKING pc=0x000001f3480d2b43 sp=0x000000cd993fcea8 mode 0

Classes unloaded (20 events):
Event: 3980.318 Thread 0x000001f358435c10 Unloading class 0x0000000800350c00 'jdk/internal/reflect/GeneratedConstructorAccessor61'
Event: 3980.318 Thread 0x000001f358435c10 Unloading class 0x0000000800351400 'jdk/internal/reflect/GeneratedMethodAccessor43'
Event: 3980.318 Thread 0x000001f358435c10 Unloading class 0x0000000800355c00 'jdk/internal/reflect/GeneratedMethodAccessor42'
Event: 3980.318 Thread 0x000001f358435c10 Unloading class 0x00000008004ec000 'jdk/internal/reflect/GeneratedMethodAccessor41'
Event: 5818.493 Thread 0x000001f358435c10 Unloading class 0x0000000800969c00 'jdk/internal/reflect/GeneratedMethodAccessor50'
Event: 5818.493 Thread 0x000001f358435c10 Unloading class 0x0000000800969800 'jdk/internal/reflect/GeneratedConstructorAccessor65'
Event: 5818.493 Thread 0x000001f358435c10 Unloading class 0x00000008004ec000 'jdk/internal/reflect/GeneratedMethodAccessor49'
Event: 5818.493 Thread 0x000001f358435c10 Unloading class 0x0000000800355c00 'jdk/internal/reflect/GeneratedConstructorAccessor64'
Event: 5818.493 Thread 0x000001f358435c10 Unloading class 0x0000000800351400 'jdk/internal/reflect/GeneratedMethodAccessor48'
Event: 5818.493 Thread 0x000001f358435c10 Unloading class 0x0000000800350c00 'jdk/internal/reflect/GeneratedMethodAccessor47'
Event: 5818.493 Thread 0x000001f358435c10 Unloading class 0x00000008004f4000 'jdk/internal/reflect/GeneratedMethodAccessor46'
Event: 8070.280 Thread 0x000001f358435c10 Unloading class 0x0000000800999000 'jdk/internal/reflect/GeneratedConstructorAccessor73'
Event: 8070.280 Thread 0x000001f358435c10 Unloading class 0x0000000800998c00 'jdk/internal/reflect/GeneratedConstructorAccessor72'
Event: 8524.397 Thread 0x000001f358435c10 Unloading class 0x0000000800969c00 'jdk/internal/reflect/GeneratedMethodAccessor57'
Event: 8524.397 Thread 0x000001f358435c10 Unloading class 0x0000000800969800 'jdk/internal/reflect/GeneratedConstructorAccessor70'
Event: 8524.397 Thread 0x000001f358435c10 Unloading class 0x00000008004f4000 'jdk/internal/reflect/GeneratedMethodAccessor56'
Event: 8524.397 Thread 0x000001f358435c10 Unloading class 0x0000000800350c00 'jdk/internal/reflect/GeneratedConstructorAccessor69'
Event: 8524.397 Thread 0x000001f358435c10 Unloading class 0x0000000800351400 'jdk/internal/reflect/GeneratedMethodAccessor55'
Event: 8524.397 Thread 0x000001f358435c10 Unloading class 0x0000000800355c00 'jdk/internal/reflect/GeneratedMethodAccessor54'
Event: 8524.397 Thread 0x000001f358435c10 Unloading class 0x00000008004ec000 'jdk/internal/reflect/GeneratedMethodAccessor53'

Classes redefined (0 events):
No events

Internal exceptions (20 events):
Event: 8167.099 Thread 0x000001f359d45920 Exception <a 'sun/nio/fs/WindowsException'{0x0000000710baa6e0}> (0x0000000710baa6e0) 
thrown [s\src\hotspot\share\prims\jni.cpp, line 516]
Event: 8167.136 Thread 0x000001f359d45920 Exception <a 'sun/nio/fs/WindowsException'{0x000000070bde7f28}> (0x000000070bde7f28) 
thrown [s\src\hotspot\share\prims\jni.cpp, line 516]
Event: 8168.105 Thread 0x000001f359d45920 Exception <a 'sun/nio/fs/WindowsException'{0x0000000713c70c90}> (0x0000000713c70c90) 
thrown [s\src\hotspot\share\prims\jni.cpp, line 516]
Event: 8168.105 Thread 0x000001f359d45920 Exception <a 'sun/nio/fs/WindowsException'{0x0000000713c724f0}> (0x0000000713c724f0) 
thrown [s\src\hotspot\share\prims\jni.cpp, line 516]
Event: 8168.140 Thread 0x000001f359d45920 Exception <a 'sun/nio/fs/WindowsException'{0x000000071344b918}> (0x000000071344b918) 
thrown [s\src\hotspot\share\prims\jni.cpp, line 516]
Event: 8193.200 Thread 0x000001f359d45920 Exception <a 'sun/nio/fs/WindowsException'{0x000000070f39d420}> (0x000000070f39d420) 
thrown [s\src\hotspot\share\prims\jni.cpp, line 516]
Event: 8193.200 Thread 0x000001f359d45920 Exception <a 'sun/nio/fs/WindowsException'{0x000000070f39ec80}> (0x000000070f39ec80) 
thrown [s\src\hotspot\share\prims\jni.cpp, line 516]
Event: 8193.243 Thread 0x000001f359d45920 Exception <a 'sun/nio/fs/WindowsException'{0x0000000714383428}> (0x0000000714383428) 
thrown [s\src\hotspot\share\prims\jni.cpp, line 516]
Event: 8194.080 Thread 0x000001f359d45920 Exception <a 'sun/nio/fs/WindowsException'{0x0000000714073278}> (0x0000000714073278) 
thrown [s\src\hotspot\share\prims\jni.cpp, line 516]
Event: 8194.080 Thread 0x000001f359d45920 Exception <a 'sun/nio/fs/WindowsException'{0x0000000714074ad8}> (0x0000000714074ad8) 
thrown [s\src\hotspot\share\prims\jni.cpp, line 516]
Event: 8194.117 Thread 0x000001f359d45920 Exception <a 'sun/nio/fs/WindowsException'{0x00000007132516a8}> (0x00000007132516a8) 
thrown [s\src\hotspot\share\prims\jni.cpp, line 516]
Event: 8320.961 Thread 0x000001f359d3f410 Exception <a 'sun/nio/fs/WindowsException'{0x0000000714791a78}> (0x0000000714791a78) 
thrown [s\src\hotspot\share\prims\jni.cpp, line 516]
Event: 8320.961 Thread 0x000001f359d3f410 Exception <a 'sun/nio/fs/WindowsException'{0x00000007147932d8}> (0x00000007147932d8) 
thrown [s\src\hotspot\share\prims\jni.cpp, line 516]
Event: 8321.004 Thread 0x000001f359d3f410 Exception <a 'sun/nio/fs/WindowsException'{0x000000071371a4b8}> (0x000000071371a4b8) 
thrown [s\src\hotspot\share\prims\jni.cpp, line 516]
Event: 8759.372 Thread 0x000001f358fb5b50 Exception <a 'sun/nio/fs/WindowsException'{0x000000071461c810}> (0x000000071461c810) 
thrown [s\src\hotspot\share\prims\jni.cpp, line 516]
Event: 8759.373 Thread 0x000001f358fb5b50 Exception <a 'sun/nio/fs/WindowsException'{0x000000071461e070}> (0x000000071461e070) 
thrown [s\src\hotspot\share\prims\jni.cpp, line 516]
Event: 8759.421 Thread 0x000001f358fb5b50 Exception <a 'sun/nio/fs/WindowsException'{0x000000071374e298}> (0x000000071374e298) 
thrown [s\src\hotspot\share\prims\jni.cpp, line 516]
Event: 8803.877 Thread 0x000001f358fb5b50 Exception <a 'sun/nio/fs/WindowsException'{0x00000007146846a0}> (0x00000007146846a0) 
thrown [s\src\hotspot\share\prims\jni.cpp, line 516]
Event: 8803.877 Thread 0x000001f358fb5b50 Exception <a 'sun/nio/fs/WindowsException'{0x0000000714685f00}> (0x0000000714685f00) 
thrown [s\src\hotspot\share\prims\jni.cpp, line 516]
Event: 8803.921 Thread 0x000001f358fb5b50 Exception <a 'sun/nio/fs/WindowsException'{0x00000007145d0360}> (0x00000007145d0360) 
thrown [s\src\hotspot\share\prims\jni.cpp, line 516]

VM Operations (20 events):
Event: 8676.533 Executing VM operation: G1CollectFull done
Event: 8686.617 Executing VM operation: G1CollectFull
Event: 8686.664 Executing VM operation: G1CollectFull done
Event: 8696.754 Executing VM operation: G1CollectFull
Event: 8696.801 Executing VM operation: G1CollectFull done
Event: 8706.897 Executing VM operation: G1CollectFull
Event: 8706.944 Executing VM operation: G1CollectFull done
Event: 8717.045 Executing VM operation: G1CollectFull
Event: 8717.094 Executing VM operation: G1CollectFull done
Event: 8727.179 Executing VM operation: G1CollectFull
Event: 8727.226 Executing VM operation: G1CollectFull done
Event: 8737.313 Executing VM operation: G1CollectFull
Event: 8737.359 Executing VM operation: G1CollectFull done
Event: 8747.443 Executing VM operation: G1CollectFull
Event: 8747.489 Executing VM operation: G1CollectFull done
Event: 8757.576 Executing VM operation: G1CollectFull
Event: 8757.622 Executing VM operation: G1CollectFull done
Event: 8797.847 Executing VM operation: G1CollectFull
Event: 8797.926 Executing VM operation: G1CollectFull done
Event: 8838.065 Executing VM operation: G1CollectFull

Events (20 events):
Event: 8255.261 Thread 0x000001f359d3f8e0 Thread exited: 0x000001f359d3f8e0
Event: 8313.619 Thread 0x000001f359d45920 Thread added: 0x000001f359d45920
Event: 8320.959 Thread 0x000001f359d3f8e0 Thread added: 0x000001f359d3f8e0
Event: 8321.077 Thread 0x000001f359d45df0 Thread added: 0x000001f359d45df0
Event: 8321.077 Thread 0x000001f359d3ef40 Thread added: 0x000001f359d3ef40
Event: 8380.989 Thread 0x000001f359d45920 Thread exited: 0x000001f359d45920
Event: 8381.083 Thread 0x000001f359d45df0 Thread exited: 0x000001f359d45df0
Event: 8381.757 Thread 0x000001f359d3f410 Thread exited: 0x000001f359d3f410
Event: 8381.757 Thread 0x000001f359d3f8e0 Thread exited: 0x000001f359d3f8e0
Event: 8441.765 Thread 0x000001f359d3ef40 Thread exited: 0x000001f359d3ef40
Event: 8501.768 Thread 0x000001f359d45450 Thread exited: 0x000001f359d45450
Event: 8561.774 Thread 0x000001f359d42430 Thread exited: 0x000001f359d42430
Event: 8621.776 Thread 0x000001f358fb5680 Thread exited: 0x000001f358fb5680
Event: 8681.784 Thread 0x000001f358fb69c0 Thread exited: 0x000001f358fb69c0
Event: 8741.795 Thread 0x000001f358fb6020 Thread exited: 0x000001f358fb6020
Event: 8759.370 Thread 0x000001f359d42430 Thread added: 0x000001f359d42430
Event: 8759.371 Thread 0x000001f359d45df0 Thread added: 0x000001f359d45df0
Event: 8759.497 Thread 0x000001f359d45450 Thread added: 0x000001f359d45450
Event: 8759.497 Thread 0x000001f359d45920 Thread added: 0x000001f359d45920
Event: 8803.992 Thread 0x000001f359d3ef40 Thread added: 0x000001f359d3ef40


Dynamic libraries:
0x00007ff60e4f0000 - 0x00007ff60e4fe000 	c:\Users\Administrator\.vscode\extensions\redhat.java-1.13.0-win32-x64\jre\17.0.5-win32-x86_64\bin\java.exe
0x00007ffbdcf30000 - 0x00007ffbdd128000 	C:\Windows\SYSTEM32\ntdll.dll
0x00007ffbdc9b0000 - 0x00007ffbdca6f000 	C:\Windows\System32\KERNEL32.DLL
0x00007ffbda7b0000 - 0x00007ffbdaa82000 	C:\Windows\System32\KERNELBASE.dll
0x00007ffbdacf0000 - 0x00007ffbdadf0000 	C:\Windows\System32\ucrtbase.dll
0x00007ffbd62e0000 - 0x00007ffbd62f7000 	c:\Users\Administrator\.vscode\extensions\redhat.java-1.13.0-win32-x64\jre\17.0.5-win32-x86_64\bin\jli.dll
0x00007ffbc43b0000 - 0x00007ffbc43c9000 	c:\Users\Administrator\.vscode\extensions\redhat.java-1.13.0-win32-x64\jre\17.0.5-win32-x86_64\bin\VCRUNTIME140.dll
0x00007ffbdb670000 - 0x00007ffbdb811000 	C:\Windows\System32\USER32.dll
0x00007ffbdae90000 - 0x00007ffbdaeb2000 	C:\Windows\System32\win32u.dll
0x00007ffbc8b00000 - 0x00007ffbc8d9a000 	C:\Windows\WinSxS\amd64_microsoft.windows.common-controls_6595b64144ccf1df_6.0.19041.1110_none_60b5254171f9507e\COMCTL32.dll
0x00007ffbdb1a0000 - 0x00007ffbdb1cb000 	C:\Windows\System32\GDI32.dll
0x00007ffbda650000 - 0x00007ffbda75f000 	C:\Windows\System32\gdi32full.dll
0x00007ffbdbfd0000 - 0x00007ffbdc06e000 	C:\Windows\System32\msvcrt.dll
0x00007ffbdadf0000 - 0x00007ffbdae8d000 	C:\Windows\System32\msvcp_win.dll
0x00007ffbdb820000 - 0x00007ffbdb852000 	C:\Windows\System32\IMM32.DLL
0x00007ffbd6290000 - 0x00007ffbd629c000 	c:\Users\Administrator\.vscode\extensions\redhat.java-1.13.0-win32-x64\jre\17.0.5-win32-x86_64\bin\vcruntime140_1.dll
0x00007ffba2ae0000 - 0x00007ffba2b71000 	c:\Users\Administrator\.vscode\extensions\redhat.java-1.13.0-win32-x64\jre\17.0.5-win32-x86_64\bin\msvcp140.dll
0x00007ffb9c040000 - 0x00007ffb9cc84000 	c:\Users\Administrator\.vscode\extensions\redhat.java-1.13.0-win32-x64\jre\17.0.5-win32-x86_64\bin\server\jvm.dll
0x00007ffbdc140000 - 0x00007ffbdc1ee000 	C:\Windows\System32\ADVAPI32.dll
0x00007ffbdcad0000 - 0x00007ffbdcb6c000 	C:\Windows\System32\sechost.dll
0x00007ffbdb540000 - 0x00007ffbdb665000 	C:\Windows\System32\RPCRT4.dll
0x00007ffbc57a0000 - 0x00007ffbc57a9000 	C:\Windows\SYSTEM32\WSOCK32.dll
0x00007ffbccf00000 - 0x00007ffbccf27000 	C:\Windows\SYSTEM32\WINMM.dll
0x00007ffbd4da0000 - 0x00007ffbd4daa000 	C:\Windows\SYSTEM32\VERSION.dll
0x00007ffbdcbd0000 - 0x00007ffbdcc3b000 	C:\Windows\System32\WS2_32.dll
0x00007ffbd8500000 - 0x00007ffbd8512000 	C:\Windows\SYSTEM32\kernel.appcore.dll
0x00007ffbd6240000 - 0x00007ffbd624a000 	c:\Users\Administrator\.vscode\extensions\redhat.java-1.13.0-win32-x64\jre\17.0.5-win32-x86_64\bin\jimage.dll
0x00007ffbc9ff0000 - 0x00007ffbca1d4000 	C:\Windows\SYSTEM32\DBGHELP.DLL
0x00007ffbc5460000 - 0x00007ffbc5495000 	C:\Windows\SYSTEM32\dbgcore.DLL
0x00007ffbdac60000 - 0x00007ffbdace2000 	C:\Windows\System32\bcryptPrimitives.dll
0x00007ffbc3140000 - 0x00007ffbc3165000 	c:\Users\Administrator\.vscode\extensions\redhat.java-1.13.0-win32-x64\jre\17.0.5-win32-x86_64\bin\java.dll
0x00007ffbc3240000 - 0x00007ffbc3258000 	c:\Users\Administrator\.vscode\extensions\redhat.java-1.13.0-win32-x64\jre\17.0.5-win32-x86_64\bin\zip.dll
0x00007ffbdb880000 - 0x00007ffbdbfc4000 	C:\Windows\System32\SHELL32.dll
0x00007ffbd8700000 - 0x00007ffbd8e92000 	C:\Windows\SYSTEM32\windows.storage.dll
0x00007ffbdb1e0000 - 0x00007ffbdb535000 	C:\Windows\System32\combase.dll
0x00007ffbda080000 - 0x00007ffbda0b0000 	C:\Windows\SYSTEM32\Wldp.dll
0x00007ffbdc080000 - 0x00007ffbdc12d000 	C:\Windows\System32\SHCORE.dll
0x00007ffbdc880000 - 0x00007ffbdc8d5000 	C:\Windows\System32\shlwapi.dll
0x00007ffbda560000 - 0x00007ffbda57f000 	C:\Windows\SYSTEM32\profapi.dll
0x00007ffbc3050000 - 0x00007ffbc3069000 	C:\Users\Administrator\.vscode\extensions\redhat.java-1.13.0-win32-x64\jre\17.0.5-win32-x86_64\bin\net.dll
0x00007ffbd3bc0000 - 0x00007ffbd3ccc000 	C:\Windows\SYSTEM32\WINHTTP.dll
0x00007ffbd9de0000 - 0x00007ffbd9e4a000 	C:\Windows\system32\mswsock.dll
0x00007ffbc2be0000 - 0x00007ffbc2bf5000 	C:\Users\Administrator\.vscode\extensions\redhat.java-1.13.0-win32-x64\jre\17.0.5-win32-x86_64\bin\nio.dll
0x00007ffbc7520000 - 0x00007ffbc7530000 	c:\Users\Administrator\.vscode\extensions\redhat.java-1.13.0-win32-x64\jre\17.0.5-win32-x86_64\bin\verify.dll
0x00007ffbd9fd0000 - 0x00007ffbd9fe8000 	C:\Windows\SYSTEM32\CRYPTSP.dll
0x00007ffbd9690000 - 0x00007ffbd96c4000 	C:\Windows\system32\rsaenh.dll
0x00007ffbda620000 - 0x00007ffbda647000 	C:\Windows\System32\bcrypt.dll
0x00007ffbda520000 - 0x00007ffbda54e000 	C:\Windows\SYSTEM32\USERENV.dll
0x00007ffbd9ff0000 - 0x00007ffbd9ffc000 	C:\Windows\SYSTEM32\CRYPTBASE.dll
0x00007ffbd9a80000 - 0x00007ffbd9abb000 	C:\Windows\SYSTEM32\IPHLPAPI.DLL
0x00007ffbdc070000 - 0x00007ffbdc078000 	C:\Windows\System32\NSI.dll
0x00007ffbd3e70000 - 0x00007ffbd3e87000 	C:\Windows\SYSTEM32\dhcpcsvc6.DLL
0x00007ffbd4aa0000 - 0x00007ffbd4abd000 	C:\Windows\SYSTEM32\dhcpcsvc.DLL
0x00007ffbd9ad0000 - 0x00007ffbd9b9a000 	C:\Windows\SYSTEM32\DNSAPI.dll
0x00007ffbca930000 - 0x00007ffbca939000 	C:\Users\Administrator\.vscode\extensions\redhat.java-1.13.0-win32-x64\jre\17.0.5-win32-x86_64\bin\management.dll
0x00007ffbc6bb0000 - 0x00007ffbc6bbb000 	C:\Users\Administrator\.vscode\extensions\redhat.java-1.13.0-win32-x64\jre\17.0.5-win32-x86_64\bin\management_ext.dll
0x00007ffbdb1d0000 - 0x00007ffbdb1d8000 	C:\Windows\System32\PSAPI.DLL
0x00007ffbc5720000 - 0x00007ffbc572e000 	C:\Users\Administrator\.vscode\extensions\redhat.java-1.13.0-win32-x64\jre\17.0.5-win32-x86_64\bin\sunmscapi.dll
0x00007ffbdab00000 - 0x00007ffbdac56000 	C:\Windows\System32\CRYPT32.dll
0x00007ffbda0f0000 - 0x00007ffbda117000 	C:\Windows\SYSTEM32\ncrypt.dll
0x00007ffbda0b0000 - 0x00007ffbda0eb000 	C:\Windows\SYSTEM32\NTASN1.dll
0x00007ffbc7bc0000 - 0x00007ffbc7bca000 	C:\Windows\System32\rasadhlp.dll
0x00007ffbc7e80000 - 0x00007ffbc7f00000 	C:\Windows\System32\fwpuclnt.dll
0x000000006c500000 - 0x000000006c5c7000 	C:\Users\Administrator\AppData\Local\Temp\snappy-1.1.8-7965c159-369c-4147-9521-c04ec957bcb1-snappyjava.dll

dbghelp: loaded successfully - version: 4.0.5 - missing functions: none
symbol engine: initialized successfully - sym options: 0x614 - pdb path: .;c:\Users\Administrator\.vscode\extensions\redhat.java-1.13.0-win32-x64\jre\17.0.5-win32-x86_64\bin;C:\Windows\SYSTEM32;C:\Windows\WinSxS\amd64_microsoft.windows.common-controls_6595b64144ccf1df_6.0.19041.1110_none_60b5254171f9507e;c:\Users\Administrator\.vscode\extensions\redhat.java-1.13.0-win32-x64\jre\17.0.5-win32-x86_64\bin\server;C:\Users\Administrator\AppData\Local\Temp

VM Arguments:
jvm_args: -Dsts.lsp.client=vscode -Dsts.log.file=/dev/null -XX:TieredStopAtLevel=1 -Xlog:jni+resolve=off -Dspring.config.location=file:c:\Users\Administrator\.vscode\extensions\pivotal.vscode-spring-boot-1.43.0\language-server\BOOT-INF\classes\application.properties 
java_command: org.springframework.ide.vscode.boot.app.BootLanguageServerBootApp
java_class_path (initial): c:\Users\Administrator\.vscode\extensions\pivotal.vscode-spring-boot-1.43.0\language-server\BOOT-INF\classes;c:\Users\Administrator\.vscode\extensions\pivotal.vscode-spring-boot-1.43.0\language-server\BOOT-INF\lib\annotations-23.1.0.jar;c:\Users\Administrator\.vscode\extensions\pivotal.vscode-spring-boot-1.43.0\language-server\BOOT-INF\lib\ant-1.10.12.jar;c:\Users\Administrator\.vscode\extensions\pivotal.vscode-spring-boot-1.43.0\language-server\BOOT-INF\lib\ant-launcher-1.10.12.jar;c:\Users\Administrator\.vscode\extensions\pivotal.vscode-spring-boot-1.43.0\language-server\BOOT-INF\lib\antlr-runtime-3.5.2.jar;c:\Users\Administrator\.vscode\extensions\pivotal.vscode-spring-boot-1.43.0\language-server\BOOT-INF\lib\antlr4-4.9.3.jar;c:\Users\Administrator\.vscode\extensions\pivotal.vscode-spring-boot-1.43.0\language-server\BOOT-INF\lib\antlr4-runtime-4.9.3.jar;c:\Users\Administrator\.vscode\extensions\pivotal.vscode-spring-boot-1.43.0\language-server\BOOT-INF\lib\apiguardian-api-1.1.2.jar;c:\Users\Administrator\.vscode\extensions\pivotal.vscode-spring-boot-1.43.0\language-server\BOOT-INF\lib\asm-9.4.jar;c:\Users\Administrator\.vscode\extensions\pivotal.vscode-spring-boot-1.43.0\language-server\BOOT-INF\lib\asm-analysis-9.4.jar;c:\Users\Administrator\.vscode\extensions\pivotal.vscode-spring-boot-1.43.0\language-server\BOOT-INF\lib\asm-tree-9.4.jar;c:\Users\Administrator\.vscode\extensions\pivotal.vscode-spring-boot-1.43.0\language-server\BOOT-INF\lib\asm-util-9.4.jar;c:\Users\Administrator\.vscode\extensions\pivotal.vscode-spring-boot-1.43.0\language-server\BOOT-INF\lib\caffeine-3.1.2.jar;c:\Users\Administrator\.vscode\extensions\pivotal.vscode-spring-boot-1.43.0\language-server\BOOT-INF\lib\checker-qual-3.12.0.jar;c:\Users\Administrator\.vscode\extensions\pivotal.vscode-spring-boot-1.43.0\language-server\BOOT-INF\lib\ci-environment-9.1.0.jar;c:\Users\Administrator\.vscode\extensions\pivotal.vscode-spring-boot-1.43.0\language-server\BOOT-INF\
Launcher Type: SUN_STANDARD

[Global flags]
     intx CICompilerCount                          = 4                                         {product} {ergonomic}
     uint ConcGCThreads                            = 3                                         {product} {ergonomic}
     uint G1ConcRefinementThreads                  = 10                                        {product} {ergonomic}
   size_t G1HeapRegionSize                         = 2097152                                   {product} {ergonomic}
    uintx GCDrainStackTargetSize                   = 64                                        {product} {ergonomic}
   size_t InitialHeapSize                          = 268435456                                 {product} {ergonomic}
   size_t MarkStackSize                            = 4194304                                   {product} {ergonomic}
   size_t MaxHeapSize                              = 4273995776                                {product} {ergonomic}
   size_t MaxNewSize                               = 2562719744                                {product} {ergonomic}
   size_t MinHeapDeltaBytes                        = 2097152                                   {product} {ergonomic}
   size_t MinHeapSize                              = 8388608                                   {product} {ergonomic}
    uintx NonProfiledCodeHeapSize                  = 0                                      {pd product} {ergonomic}
     bool ProfileInterpreter                       = false                                  {pd product} {command line}
    uintx ProfiledCodeHeapSize                     = 0                                      {pd product} {ergonomic}
   size_t SoftMaxHeapSize                          = 4273995776                             {manageable} {ergonomic}
     intx TieredStopAtLevel                        = 1                                         {product} {command line}
     bool UseCompressedClassPointers               = true                           {product lp64_product} {ergonomic}
     bool UseCompressedOops                        = true                           {product lp64_product} {ergonomic}
     bool UseG1GC                                  = true                                      {product} {ergonomic}
     bool UseLargePagesIndividualAllocation        = false                                  {pd product} {ergonomic}

Logging:
Log output configuration:
 #0: stdout all=warning,jni+resolve=off uptime,level,tags
 #1: stderr all=off uptime,level,tags

Environment Variables:
JAVA_HOME=C:\Program Files\Java\jdk-17.0.4.1
PATH=C:\Program Files\Common Files\Oracle\Java\javapath;C:\Program Files (x86)\Common Files\Intel\Shared Libraries\redist\intel64\compiler;C:\Windows\system32;C:\Windows;C:\Windows\System32\Wbem;C:\Windows\System32\WindowsPowerShell\v1.0\;C:\Windows\System32\OpenSSH\;C:\Program Files\Bandizip\;C:\Program Files\Git\cmd;C:\Program Files\nodejs\;C:\Users\Administrator\AppData\Local\Microsoft\WindowsApps;"C:\Program Files\Java\jdk-17.0.4.1\lib;.";C:\Program Files\MySQL\MySQL Server 8.0\bin;C:\Users\Administrator\AppData\Local\Programs\Microsoft VS Code\bin;C:\Users\Administrator\AppData\Roaming\npm
USERNAME=Administrator
OS=Windows_NT
PROCESSOR_IDENTIFIER=Intel64 Family 6 Model 158 Stepping 10, GenuineIntel
TMP=C:\Users\ADMINI~1\AppData\Local\Temp
TEMP=C:\Users\ADMINI~1\AppData\Local\Temp



---------------  S Y S T E M  ---------------

OS:
 Windows 10 , 64 bit Build 19041 (10.0.19041.2364)
OS uptime: 0 days 7:30 hours

CPU: total 12 (initial active 12) (6 cores per cpu, 2 threads per core) family 6 model 158 stepping 10 microcode 0xb4, cx8, cmov, fxsr, ht, mmx, 3dnowpref, sse, sse2, sse3, ssse3, sse4.1, sse4.2, popcnt, lzcnt, tsc, tscinvbit, avx, avx2, aes, erms, clmul, bmi1, bmi2, rtm, adx, fma, vzeroupper, clflush, clflushopt

Memory: 4k page, system-wide physical 16301M (4674M free)
TotalPageFile size 21138M (AvailPageFile size 4313M)
current process WorkingSet (physical memory assigned to process): 551M, peak: 1600M
current process commit charge ("private bytes"): 568M, peak: 1642M

vm_info: OpenJDK 64-Bit Server VM (17.0.5+8) for windows-amd64 JRE (17.0.5+8), built on Oct 19 2022 04:48:13 by "temurin" with MS VC++ 16.7 (VS2019)

END.
